<?xml version="1.0" encoding="UTF-8"?>
<!-- Generated by org.testng.reporters.JUnitReportReporter -->
<testsuite skipped="0" hostname="DESKTOP-A15AP0F" name="rahulshettyUdemy.SeleniumTest" tests="2" failures="0" timestamp="2020-09-11T19:13:32 IST" time="0.001" errors="0">
  <testcase name="BrowserAutomation" time="0.001" classname="rahulshettyUdemy.SeleniumTest"/>
  <system-out/>
  <testcase name="elementUI" time="0.000" classname="rahulshettyUdemy.SeleniumTest"/>
  <system-out/>
</testsuite> <!-- rahulshettyUdemy.SeleniumTest -->
