<?xml version="1.0" encoding="UTF-8"?>
<!-- Generated by org.testng.reporters.JUnitReportReporter -->
<testsuite skipped="0" hostname="DESKTOP-A15AP0F" name="rahulshettyUdemy.RestAssuredTest" tests="2" failures="0" timestamp="2020-09-11T19:13:32 IST" time="0.001" errors="0">
  <testcase name="deleteTwitter" time="0.001" classname="rahulshettyUdemy.RestAssuredTest"/>
  <system-out/>
  <testcase name="Rest" time="0.000" classname="rahulshettyUdemy.RestAssuredTest"/>
  <system-out/>
</testsuite> <!-- rahulshettyUdemy.RestAssuredTest -->
