<?xml version="1.0" encoding="UTF-8"?>
<!-- Generated by org.testng.reporters.JUnitReportReporter -->
<testsuite skipped="0" hostname="DESKTOP-A15AP0F" name="rahulshettyUdemy.AppiumTest" tests="2" failures="0" timestamp="2020-09-11T19:13:32 IST" time="0.017" errors="0">
  <testcase name="WindowsApp" time="0.001" classname="rahulshettyUdemy.AppiumTest"/>
  <system-out/>
  <testcase name="IOSApp" time="0.016" classname="rahulshettyUdemy.AppiumTest"/>
  <system-out/>
</testsuite> <!-- rahulshettyUdemy.AppiumTest -->
